<?xml version="1.0" encoding="UTF-8"?>
<testsuite xmlns:xsi="http://www.w3.org/2001/XMLSchema-instance" xsi:noNamespaceSchemaLocation="https://maven.apache.org/surefire/maven-surefire-plugin/xsd/surefire-test-report.xsd" version="3.0.2" name="TestSuite" time="178.666" tests="6" errors="0" skipped="0" failures="1">
  <properties>
[...]
</properties>
  <testcase name="runScenario[&quot;Test the login functionality and verify the quick launch options in OrangeHRM&quot;, &quot;OrangeHRM Login and Dashboard Feature&quot;](1)" classname="runner.RunnerClass" time="48.461">
    <system-out><![CDATA[
@tag @LoginAndQuickStartValidation
Scenario Outline: Test the login functionality and verify the quick launch options in OrangeHRM # src/test/resources/com/features/OrangeHrmLogin.feature:24
  Given the user is on the OrangeHRM login page                                                 # stepDefinition.OrangeHrmQuickStartStepDef.the_user_is_on_the_orange_hrm_login_page()
  When the user enters the valid username "Admin"                                               # stepDefinition.OrangeHrmQuickStartStepDef.the_user_enters_the_valid_username(java.lang.String)
  And the user enters the valid password "admin123"                                             # stepDefinition.OrangeHrmQuickStartStepDef.the_user_enters_the_valid_password(java.lang.String)
  And the user clicks the login button                                                          # stepDefinition.OrangeHrmQuickStartStepDef.the_user_clicks_the_login_button()
  Then the user should be able to see the dashboard of OrangeHRM                                # stepDefinition.OrangeHrmQuickStartStepDef.the_user_should_be_able_to_see_the_dashboard_of_orange_hrm()
  When the user views the quick launch section                                                  # stepDefinition.OrangeHrmQuickStartStepDef.the_user_views_the_quick_launch_section()
the element is:Assign Leave
  Then the user should see the option "Assign Leave"                                            # stepDefinition.OrangeHrmQuickStartStepDef.the_user_should_see_the_option(java.lang.String)
]]></system-out>
    <system-err><![CDATA[SLF4J(W): No SLF4J providers were found.
SLF4J(W): Defaulting to no-operation (NOP) logger implementation
SLF4J(W): See https://www.slf4j.org/codes.html#noProviders for further details.
]]></system-err>
  </testcase>
  <testcase name="runScenario[&quot;Test the login functionality and verify the quick launch options in OrangeHRM&quot;, &quot;OrangeHRM Login and Dashboard Feature&quot;](2)" classname="runner.RunnerClass" time="25.47">
    <system-out><![CDATA[
@tag @LoginAndQuickStartValidation
Scenario Outline: Test the login functionality and verify the quick launch options in OrangeHRM # src/test/resources/com/features/OrangeHrmLogin.feature:25
  Given the user is on the OrangeHRM login page                                                 # stepDefinition.OrangeHrmQuickStartStepDef.the_user_is_on_the_orange_hrm_login_page()
  When the user enters the valid username "Admin"                                               # stepDefinition.OrangeHrmQuickStartStepDef.the_user_enters_the_valid_username(java.lang.String)
  And the user enters the valid password "admin123"                                             # stepDefinition.OrangeHrmQuickStartStepDef.the_user_enters_the_valid_password(java.lang.String)
  And the user clicks the login button                                                          # stepDefinition.OrangeHrmQuickStartStepDef.the_user_clicks_the_login_button()
  Then the user should be able to see the dashboard of OrangeHRM                                # stepDefinition.OrangeHrmQuickStartStepDef.the_user_should_be_able_to_see_the_dashboard_of_orange_hrm()
  When the user views the quick launch section                                                  # stepDefinition.OrangeHrmQuickStartStepDef.the_user_views_the_quick_launch_section()
the element is:Leave List
  Then the user should see the option "Leave List"                                              # stepDefinition.OrangeHrmQuickStartStepDef.the_user_should_see_the_option(java.lang.String)
]]></system-out>
  </testcase>
  <testcase name="runScenario[&quot;Test the login functionality and verify the quick launch options in OrangeHRM&quot;, &quot;OrangeHRM Login and Dashboard Feature&quot;](3)" classname="runner.RunnerClass" time="27.408">
    <system-out><![CDATA[
@tag @LoginAndQuickStartValidation
Scenario Outline: Test the login functionality and verify the quick launch options in OrangeHRM # src/test/resources/com/features/OrangeHrmLogin.feature:26
  Given the user is on the OrangeHRM login page                                                 # stepDefinition.OrangeHrmQuickStartStepDef.the_user_is_on_the_orange_hrm_login_page()
  When the user enters the valid username "Admin"                                               # stepDefinition.OrangeHrmQuickStartStepDef.the_user_enters_the_valid_username(java.lang.String)
  And the user enters the valid password "admin123"                                             # stepDefinition.OrangeHrmQuickStartStepDef.the_user_enters_the_valid_password(java.lang.String)
  And the user clicks the login button                                                          # stepDefinition.OrangeHrmQuickStartStepDef.the_user_clicks_the_login_button()
  Then the user should be able to see the dashboard of OrangeHRM                                # stepDefinition.OrangeHrmQuickStartStepDef.the_user_should_be_able_to_see_the_dashboard_of_orange_hrm()
  When the user views the quick launch section                                                  # stepDefinition.OrangeHrmQuickStartStepDef.the_user_views_the_quick_launch_section()
the element is:Timesheets
  Then the user should see the option "Timesheets"                                              # stepDefinition.OrangeHrmQuickStartStepDef.the_user_should_see_the_option(java.lang.String)
]]></system-out>
  </testcase>
  <testcase name="runScenario[&quot;Test the login functionality and verify the quick launch options in OrangeHRM&quot;, &quot;OrangeHRM Login and Dashboard Feature&quot;](4)" classname="runner.RunnerClass" time="14.914">
    <failure message="unknown error: JavaScript code failed&#10;from unknown command: &apos;Runtime.evaluate&apos; wasn&apos;t found&#10;  (Session info: chrome=135.0.7049.42)&#10;Build info: version: &apos;4.31.0&apos;, revision: &apos;1ef9f18787*&apos;&#10;System info: os.name: &apos;Windows 11&apos;, os.arch: &apos;amd64&apos;, os.version: &apos;10.0&apos;, java.version: &apos;21.0.6&apos;&#10;Driver info: org.openqa.selenium.chrome.ChromeDriver&#10;Command: [50b4c61d44483a50f7989814a8ded80b, maximizeCurrentWindow {}]&#10;Capabilities {acceptInsecureCerts: false, browserName: chrome, browserVersion: 135.0.7049.42, chrome: {chromedriverVersion: 135.0.7049.84 (6c019e560019..., userDataDir: C:\Users\saran\AppData\Loca...}, fedcm:accounts: true, goog:chromeOptions: {debuggerAddress: localhost:51654}, networkConnectionEnabled: false, pageLoadStrategy: normal, platformName: windows, proxy: Proxy(), se:cdp: ws://localhost:51654/devtoo..., se:cdpVersion: 135.0.7049.42, setWindowRect: true, strictFileInteractability: false, timeouts: {implicit: 0, pageLoad: 300000, script: 30000}, unhandledPromptBehavior: dismiss and notify, webauthn:extension:credBlob: true, webauthn:extension:largeBlob: true, webauthn:extension:minPinLength: true, webauthn:extension:prf: true, webauthn:virtualAuthenticators: true}&#10;Session ID: 50b4c61d44483a50f7989814a8ded80b" type="org.openqa.selenium.WebDriverException"><![CDATA[org.openqa.selenium.WebDriverException: 
unknown error: JavaScript code failed
from unknown command: 'Runtime.evaluate' wasn't found
  (Session info: chrome=135.0.7049.42)
Build info: version: '4.31.0', revision: '1ef9f18787*'
System info: os.name: 'Windows 11', os.arch: 'amd64', os.version: '10.0', java.version: '21.0.6'
Driver info: org.openqa.selenium.chrome.ChromeDriver
Command: [50b4c61d44483a50f7989814a8ded80b, maximizeCurrentWindow {}]
Capabilities {acceptInsecureCerts: false, browserName: chrome, browserVersion: 135.0.7049.42, chrome: {chromedriverVersion: 135.0.7049.84 (6c019e560019..., userDataDir: C:\Users\saran\AppData\Loca...}, fedcm:accounts: true, goog:chromeOptions: {debuggerAddress: localhost:51654}, networkConnectionEnabled: false, pageLoadStrategy: normal, platformName: windows, proxy: Proxy(), se:cdp: ws://localhost:51654/devtoo..., se:cdpVersion: 135.0.7049.42, setWindowRect: true, strictFileInteractability: false, timeouts: {implicit: 0, pageLoad: 300000, script: 30000}, unhandledPromptBehavior: dismiss and notify, webauthn:extension:credBlob: true, webauthn:extension:largeBlob: true, webauthn:extension:minPinLength: true, webauthn:extension:prf: true, webauthn:virtualAuthenticators: true}
Session ID: 50b4c61d44483a50f7989814a8ded80b
	at java.base/jdk.internal.reflect.DirectConstructorHandleAccessor.newInstance(DirectConstructorHandleAccessor.java:62)
	at java.base/java.lang.reflect.Constructor.newInstanceWithCaller(Constructor.java:502)
	at java.base/java.lang.reflect.Constructor.newInstance(Constructor.java:486)
	at org.openqa.selenium.remote.ErrorCodec.decode(ErrorCodec.java:167)
	at org.openqa.selenium.remote.codec.w3c.W3CHttpResponseCodec.decode(W3CHttpResponseCodec.java:138)
	at org.openqa.selenium.remote.codec.w3c.W3CHttpResponseCodec.decode(W3CHttpResponseCodec.java:50)
	at org.openqa.selenium.remote.HttpCommandExecutor.execute(HttpCommandExecutor.java:215)
	at org.openqa.selenium.remote.service.DriverCommandExecutor.invokeExecute(DriverCommandExecutor.java:216)
	at org.openqa.selenium.remote.service.DriverCommandExecutor.execute(DriverCommandExecutor.java:174)
	at org.openqa.selenium.remote.RemoteWebDriver.execute(RemoteWebDriver.java:545)
	at org.openqa.selenium.remote.RemoteWebDriver.execute(RemoteWebDriver.java:618)
	at org.openqa.selenium.remote.RemoteWebDriver.execute(RemoteWebDriver.java:622)
	at org.openqa.selenium.remote.RemoteWebDriver$RemoteWebDriverOptions$RemoteWindow.maximize(RemoteWebDriver.java:1067)
	at stepDefinition.OrangeHrmDatatableListOfList.setup(OrangeHrmDatatableListOfList.java:26)
]]></failure>
    <system-out><![CDATA[
@tag @LoginAndQuickStartValidation
Scenario Outline: Test the login functionality and verify the quick launch options in OrangeHRM # src/test/resources/com/features/OrangeHrmLogin.feature:27
      org.openqa.selenium.WebDriverException: unknown error: JavaScript code failed
      from unknown command: 'Runtime.evaluate' wasn't found
        (Session info: chrome=135.0.7049.42)
      Build info: version: '4.31.0', revision: '1ef9f18787*'
      System info: os.name: 'Windows 11', os.arch: 'amd64', os.version: '10.0', java.version: '21.0.6'
      Driver info: org.openqa.selenium.chrome.ChromeDriver
      Command: [50b4c61d44483a50f7989814a8ded80b, maximizeCurrentWindow {}]
      Capabilities {acceptInsecureCerts: false, browserName: chrome, browserVersion: 135.0.7049.42, chrome: {chromedriverVersion: 135.0.7049.84 (6c019e560019..., userDataDir: C:\Users\saran\AppData\Loca...}, fedcm:accounts: true, goog:chromeOptions: {debuggerAddress: localhost:51654}, networkConnectionEnabled: false, pageLoadStrategy: normal, platformName: windows, proxy: Proxy(), se:cdp: ws://localhost:51654/devtoo..., se:cdpVersion: 135.0.7049.42, setWindowRect: true, strictFileInteractability: false, timeouts: {implicit: 0, pageLoad: 300000, script: 30000}, unhandledPromptBehavior: dismiss and notify, webauthn:extension:credBlob: true, webauthn:extension:largeBlob: true, webauthn:extension:minPinLength: true, webauthn:extension:prf: true, webauthn:virtualAuthenticators: true}
      Session ID: 50b4c61d44483a50f7989814a8ded80b
      	at java.base/jdk.internal.reflect.DirectConstructorHandleAccessor.newInstance(DirectConstructorHandleAccessor.java:62)
      	at java.base/java.lang.reflect.Constructor.newInstanceWithCaller(Constructor.java:502)
      	at java.base/java.lang.reflect.Constructor.newInstance(Constructor.java:486)
      	at org.openqa.selenium.remote.ErrorCodec.decode(ErrorCodec.java:167)
      	at org.openqa.selenium.remote.codec.w3c.W3CHttpResponseCodec.decode(W3CHttpResponseCodec.java:138)
      	at org.openqa.selenium.remote.codec.w3c.W3CHttpResponseCodec.decode(W3CHttpResponseCodec.java:50)
      	at org.openqa.selenium.remote.HttpCommandExecutor.execute(HttpCommandExecutor.java:215)
      	at org.openqa.selenium.remote.service.DriverCommandExecutor.invokeExecute(DriverCommandExecutor.java:216)
      	at org.openqa.selenium.remote.service.DriverCommandExecutor.execute(DriverCommandExecutor.java:174)
      	at org.openqa.selenium.remote.RemoteWebDriver.execute(RemoteWebDriver.java:545)
      	at org.openqa.selenium.remote.RemoteWebDriver.execute(RemoteWebDriver.java:618)
      	at org.openqa.selenium.remote.RemoteWebDriver.execute(RemoteWebDriver.java:622)
      	at org.openqa.selenium.remote.RemoteWebDriver$RemoteWebDriverOptions$RemoteWindow.maximize(RemoteWebDriver.java:1067)
      	at stepDefinition.OrangeHrmDatatableListOfList.setup(OrangeHrmDatatableListOfList.java:26)
  Given the user is on the OrangeHRM login page                                                 # stepDefinition.OrangeHrmQuickStartStepDef.the_user_is_on_the_orange_hrm_login_page()
  When the user enters the valid username "Admin"                                               # stepDefinition.OrangeHrmQuickStartStepDef.the_user_enters_the_valid_username(java.lang.String)
  And the user enters the valid password "admin123"                                             # stepDefinition.OrangeHrmQuickStartStepDef.the_user_enters_the_valid_password(java.lang.String)
  And the user clicks the login button                                                          # stepDefinition.OrangeHrmQuickStartStepDef.the_user_clicks_the_login_button()
  Then the user should be able to see the dashboard of OrangeHRM                                # stepDefinition.OrangeHrmQuickStartStepDef.the_user_should_be_able_to_see_the_dashboard_of_orange_hrm()
  When the user views the quick launch section                                                  # stepDefinition.OrangeHrmQuickStartStepDef.the_user_views_the_quick_launch_section()
  Then the user should see the option "Apply Leave"                                             # stepDefinition.OrangeHrmQuickStartStepDef.the_user_should_see_the_option(java.lang.String)
]]></system-out>
  </testcase>
  <testcase name="runScenario[&quot;Test the login functionality and verify the quick launch options in OrangeHRM&quot;, &quot;OrangeHRM Login and Dashboard Feature&quot;](5)" classname="runner.RunnerClass" time="31.889">
    <system-out><![CDATA[
@tag @LoginAndQuickStartValidation
Scenario Outline: Test the login functionality and verify the quick launch options in OrangeHRM # src/test/resources/com/features/OrangeHrmLogin.feature:28
  Given the user is on the OrangeHRM login page                                                 # stepDefinition.OrangeHrmQuickStartStepDef.the_user_is_on_the_orange_hrm_login_page()
  When the user enters the valid username "Admin"                                               # stepDefinition.OrangeHrmQuickStartStepDef.the_user_enters_the_valid_username(java.lang.String)
  And the user enters the valid password "admin123"                                             # stepDefinition.OrangeHrmQuickStartStepDef.the_user_enters_the_valid_password(java.lang.String)
  And the user clicks the login button                                                          # stepDefinition.OrangeHrmQuickStartStepDef.the_user_clicks_the_login_button()
  Then the user should be able to see the dashboard of OrangeHRM                                # stepDefinition.OrangeHrmQuickStartStepDef.the_user_should_be_able_to_see_the_dashboard_of_orange_hrm()
  When the user views the quick launch section                                                  # stepDefinition.OrangeHrmQuickStartStepDef.the_user_views_the_quick_launch_section()
the element is:My Leave
  Then the user should see the option "My Leave"                                                # stepDefinition.OrangeHrmQuickStartStepDef.the_user_should_see_the_option(java.lang.String)
]]></system-out>
  </testcase>
  <testcase name="runScenario[&quot;Test the login functionality and verify the quick launch options in OrangeHRM&quot;, &quot;OrangeHRM Login and Dashboard Feature&quot;](6)" classname="runner.RunnerClass" time="29.109">
    <system-out><![CDATA[
@tag @LoginAndQuickStartValidation
Scenario Outline: Test the login functionality and verify the quick launch options in OrangeHRM # src/test/resources/com/features/OrangeHrmLogin.feature:29
  Given the user is on the OrangeHRM login page                                                 # stepDefinition.OrangeHrmQuickStartStepDef.the_user_is_on_the_orange_hrm_login_page()
  When the user enters the valid username "Admin"                                               # stepDefinition.OrangeHrmQuickStartStepDef.the_user_enters_the_valid_username(java.lang.String)
  And the user enters the valid password "admin123"                                             # stepDefinition.OrangeHrmQuickStartStepDef.the_user_enters_the_valid_password(java.lang.String)
  And the user clicks the login button                                                          # stepDefinition.OrangeHrmQuickStartStepDef.the_user_clicks_the_login_button()
  Then the user should be able to see the dashboard of OrangeHRM                                # stepDefinition.OrangeHrmQuickStartStepDef.the_user_should_be_able_to_see_the_dashboard_of_orange_hrm()
  When the user views the quick launch section                                                  # stepDefinition.OrangeHrmQuickStartStepDef.the_user_views_the_quick_launch_section()
the element is:My Timesheet
  Then the user should see the option "My Timesheet"                                            # stepDefinition.OrangeHrmQuickStartStepDef.the_user_should_see_the_option(java.lang.String)
]]></system-out>
  </testcase>
</testsuite>