<?xml version="1.0" encoding="UTF-8"?>
<testsuite xmlns:xsi="http://www.w3.org/2001/XMLSchema-instance" xsi:noNamespaceSchemaLocation="https://maven.apache.org/surefire/maven-surefire-plugin/xsd/surefire-test-report.xsd" version="3.0.2" name="TestSuite" time="62.691" tests="6" errors="0" skipped="0" failures="0">
  <properties>
[...]
</properties>
  <testcase name="runScenario[&quot;Test the login functionality and verify the quick launch options in OrangeHRM&quot;, &quot;OrangeHRM Login and Dashboard Feature&quot;](1)" classname="runner.RunnerClass" time="7.642">
    <system-out><![CDATA[
@tag @LoginAndQuickStartValidation
Scenario Outline: Test the login functionality and verify the quick launch options in OrangeHRM # src/test/resources/com/features/OrangeHrmLogin.feature:24
  Given the user is on the OrangeHRM login page                                                 # stepDefinition.OrangeHrmQuickStartStepDef.the_user_is_on_the_orange_hrm_login_page()
  When the user enters the valid username "Admin"                                               # stepDefinition.OrangeHrmQuickStartStepDef.the_user_enters_the_valid_username(java.lang.String)
  And the user enters the valid password "admin123"                                             # stepDefinition.OrangeHrmQuickStartStepDef.the_user_enters_the_valid_password(java.lang.String)
  And the user clicks the login button                                                          # stepDefinition.OrangeHrmQuickStartStepDef.the_user_clicks_the_login_button()
  Then the user should be able to see the dashboard of OrangeHRM                                # stepDefinition.OrangeHrmQuickStartStepDef.the_user_should_be_able_to_see_the_dashboard_of_orange_hrm()
  When the user views the quick launch section                                                  # stepDefinition.OrangeHrmQuickStartStepDef.the_user_views_the_quick_launch_section()
the element is:Assign Leave
  Then the user should see the option "Assign Leave"                                            # stepDefinition.OrangeHrmQuickStartStepDef.the_user_should_see_the_option(java.lang.String)
]]></system-out>
    <system-err><![CDATA[SLF4J(W): No SLF4J providers were found.
SLF4J(W): Defaulting to no-operation (NOP) logger implementation
SLF4J(W): See https://www.slf4j.org/codes.html#noProviders for further details.
]]></system-err>
  </testcase>
  <testcase name="runScenario[&quot;Test the login functionality and verify the quick launch options in OrangeHRM&quot;, &quot;OrangeHRM Login and Dashboard Feature&quot;](2)" classname="runner.RunnerClass" time="17.416">
    <system-out><![CDATA[
@tag @LoginAndQuickStartValidation
Scenario Outline: Test the login functionality and verify the quick launch options in OrangeHRM # src/test/resources/com/features/OrangeHrmLogin.feature:25
  Given the user is on the OrangeHRM login page                                                 # stepDefinition.OrangeHrmQuickStartStepDef.the_user_is_on_the_orange_hrm_login_page()
  When the user enters the valid username "Admin"                                               # stepDefinition.OrangeHrmQuickStartStepDef.the_user_enters_the_valid_username(java.lang.String)
  And the user enters the valid password "admin123"                                             # stepDefinition.OrangeHrmQuickStartStepDef.the_user_enters_the_valid_password(java.lang.String)
  And the user clicks the login button                                                          # stepDefinition.OrangeHrmQuickStartStepDef.the_user_clicks_the_login_button()
  Then the user should be able to see the dashboard of OrangeHRM                                # stepDefinition.OrangeHrmQuickStartStepDef.the_user_should_be_able_to_see_the_dashboard_of_orange_hrm()
  When the user views the quick launch section                                                  # stepDefinition.OrangeHrmQuickStartStepDef.the_user_views_the_quick_launch_section()
the element is:Leave List
  Then the user should see the option "Leave List"                                              # stepDefinition.OrangeHrmQuickStartStepDef.the_user_should_see_the_option(java.lang.String)
]]></system-out>
  </testcase>
  <testcase name="runScenario[&quot;Test the login functionality and verify the quick launch options in OrangeHRM&quot;, &quot;OrangeHRM Login and Dashboard Feature&quot;](3)" classname="runner.RunnerClass" time="7.303">
    <system-out><![CDATA[
@tag @LoginAndQuickStartValidation
Scenario Outline: Test the login functionality and verify the quick launch options in OrangeHRM # src/test/resources/com/features/OrangeHrmLogin.feature:26
  Given the user is on the OrangeHRM login page                                                 # stepDefinition.OrangeHrmQuickStartStepDef.the_user_is_on_the_orange_hrm_login_page()
  When the user enters the valid username "Admin"                                               # stepDefinition.OrangeHrmQuickStartStepDef.the_user_enters_the_valid_username(java.lang.String)
  And the user enters the valid password "admin123"                                             # stepDefinition.OrangeHrmQuickStartStepDef.the_user_enters_the_valid_password(java.lang.String)
  And the user clicks the login button                                                          # stepDefinition.OrangeHrmQuickStartStepDef.the_user_clicks_the_login_button()
  Then the user should be able to see the dashboard of OrangeHRM                                # stepDefinition.OrangeHrmQuickStartStepDef.the_user_should_be_able_to_see_the_dashboard_of_orange_hrm()
  When the user views the quick launch section                                                  # stepDefinition.OrangeHrmQuickStartStepDef.the_user_views_the_quick_launch_section()
the element is:Timesheets
  Then the user should see the option "Timesheets"                                              # stepDefinition.OrangeHrmQuickStartStepDef.the_user_should_see_the_option(java.lang.String)
]]></system-out>
  </testcase>
  <testcase name="runScenario[&quot;Test the login functionality and verify the quick launch options in OrangeHRM&quot;, &quot;OrangeHRM Login and Dashboard Feature&quot;](4)" classname="runner.RunnerClass" time="7.242">
    <system-out><![CDATA[
@tag @LoginAndQuickStartValidation
Scenario Outline: Test the login functionality and verify the quick launch options in OrangeHRM # src/test/resources/com/features/OrangeHrmLogin.feature:27
  Given the user is on the OrangeHRM login page                                                 # stepDefinition.OrangeHrmQuickStartStepDef.the_user_is_on_the_orange_hrm_login_page()
  When the user enters the valid username "Admin"                                               # stepDefinition.OrangeHrmQuickStartStepDef.the_user_enters_the_valid_username(java.lang.String)
  And the user enters the valid password "admin123"                                             # stepDefinition.OrangeHrmQuickStartStepDef.the_user_enters_the_valid_password(java.lang.String)
  And the user clicks the login button                                                          # stepDefinition.OrangeHrmQuickStartStepDef.the_user_clicks_the_login_button()
  Then the user should be able to see the dashboard of OrangeHRM                                # stepDefinition.OrangeHrmQuickStartStepDef.the_user_should_be_able_to_see_the_dashboard_of_orange_hrm()
  When the user views the quick launch section                                                  # stepDefinition.OrangeHrmQuickStartStepDef.the_user_views_the_quick_launch_section()
the element is:Apply Leave
  Then the user should see the option "Apply Leave"                                             # stepDefinition.OrangeHrmQuickStartStepDef.the_user_should_see_the_option(java.lang.String)
]]></system-out>
  </testcase>
  <testcase name="runScenario[&quot;Test the login functionality and verify the quick launch options in OrangeHRM&quot;, &quot;OrangeHRM Login and Dashboard Feature&quot;](5)" classname="runner.RunnerClass" time="11.895">
    <system-out><![CDATA[
@tag @LoginAndQuickStartValidation
Scenario Outline: Test the login functionality and verify the quick launch options in OrangeHRM # src/test/resources/com/features/OrangeHrmLogin.feature:28
  Given the user is on the OrangeHRM login page                                                 # stepDefinition.OrangeHrmQuickStartStepDef.the_user_is_on_the_orange_hrm_login_page()
  When the user enters the valid username "Admin"                                               # stepDefinition.OrangeHrmQuickStartStepDef.the_user_enters_the_valid_username(java.lang.String)
  And the user enters the valid password "admin123"                                             # stepDefinition.OrangeHrmQuickStartStepDef.the_user_enters_the_valid_password(java.lang.String)
  And the user clicks the login button                                                          # stepDefinition.OrangeHrmQuickStartStepDef.the_user_clicks_the_login_button()
  Then the user should be able to see the dashboard of OrangeHRM                                # stepDefinition.OrangeHrmQuickStartStepDef.the_user_should_be_able_to_see_the_dashboard_of_orange_hrm()
  When the user views the quick launch section                                                  # stepDefinition.OrangeHrmQuickStartStepDef.the_user_views_the_quick_launch_section()
the element is:My Leave
  Then the user should see the option "My Leave"                                                # stepDefinition.OrangeHrmQuickStartStepDef.the_user_should_see_the_option(java.lang.String)
]]></system-out>
  </testcase>
  <testcase name="runScenario[&quot;Test the login functionality and verify the quick launch options in OrangeHRM&quot;, &quot;OrangeHRM Login and Dashboard Feature&quot;](6)" classname="runner.RunnerClass" time="10.174">
    <system-out><![CDATA[
@tag @LoginAndQuickStartValidation
Scenario Outline: Test the login functionality and verify the quick launch options in OrangeHRM # src/test/resources/com/features/OrangeHrmLogin.feature:29
  Given the user is on the OrangeHRM login page                                                 # stepDefinition.OrangeHrmQuickStartStepDef.the_user_is_on_the_orange_hrm_login_page()
  When the user enters the valid username "Admin"                                               # stepDefinition.OrangeHrmQuickStartStepDef.the_user_enters_the_valid_username(java.lang.String)
  And the user enters the valid password "admin123"                                             # stepDefinition.OrangeHrmQuickStartStepDef.the_user_enters_the_valid_password(java.lang.String)
  And the user clicks the login button                                                          # stepDefinition.OrangeHrmQuickStartStepDef.the_user_clicks_the_login_button()
  Then the user should be able to see the dashboard of OrangeHRM                                # stepDefinition.OrangeHrmQuickStartStepDef.the_user_should_be_able_to_see_the_dashboard_of_orange_hrm()
  When the user views the quick launch section                                                  # stepDefinition.OrangeHrmQuickStartStepDef.the_user_views_the_quick_launch_section()
the element is:My Timesheet
  Then the user should see the option "My Timesheet"                                            # stepDefinition.OrangeHrmQuickStartStepDef.the_user_should_see_the_option(java.lang.String)
]]></system-out>
  </testcase>
</testsuite>