<?xml version="1.0" encoding="UTF-8"?>
<!-- Generated by org.testng.reporters.JUnitXMLReporter -->
<testsuite ignored="0" hostname="Saranya" failures="6" tests="6" name="Test" time="1.037" errors="0" timestamp="2025-04-03T06:05:40 IST">
  <testcase classname="io.cucumber.testng.AbstractTestNGCucumberTests" name="runScenario" time="0.193">
    <failure type="io.cucumber.testng.UndefinedStepException" message="The step &amp;apos;the user is on the OrangeHRM login page&amp;apos; and 6 other step(s) are undefined.
You can implement these steps using the snippet(s) below:

@Given(&amp;quot;the user is on the OrangeHRM login page&amp;quot;)
public void the_user_is_on_the_orange_hrm_login_page() {
    // Write code here that turns the phrase above into concrete actions
    throw new io.cucumber.java.PendingException();
}
@When(&amp;quot;the user enters the valid username {string}&amp;quot;)
public void the_user_enters_the_valid_username(String string) {
    // Write code here that turns the phrase above into concrete actions
    throw new io.cucumber.java.PendingException();
}
@When(&amp;quot;the user enters the valid password {string}&amp;quot;)
public void the_user_enters_the_valid_password(String string) {
    // Write code here that turns the phrase above into concrete actions
    throw new io.cucumber.java.PendingException();
}
@When(&amp;quot;the user clicks the login button&amp;quot;)
public void the_user_clicks_the_login_button() {
    // Write code here that turns the phrase above into concrete actions
    throw new io.cucumber.java.PendingException();
}
@Then(&amp;quot;the user should be able to see the dashboard of OrangeHRM&amp;quot;)
public void the_user_should_be_able_to_see_the_dashboard_of_orange_hrm() {
    // Write code here that turns the phrase above into concrete actions
    throw new io.cucumber.java.PendingException();
}
@When(&amp;quot;the user views the quick launch section&amp;quot;)
public void the_user_views_the_quick_launch_section() {
    // Write code here that turns the phrase above into concrete actions
    throw new io.cucumber.java.PendingException();
}
@Then(&amp;quot;the user should see the option {string}&amp;quot;)
public void the_user_should_see_the_option(String string) {
    // Write code here that turns the phrase above into concrete actions
    throw new io.cucumber.java.PendingException();
}
">
      <![CDATA[io.cucumber.testng.UndefinedStepException: The step 'the user is on the OrangeHRM login page' and 6 other step(s) are undefined.
You can implement these steps using the snippet(s) below:

@Given("the user is on the OrangeHRM login page")
public void the_user_is_on_the_orange_hrm_login_page() {
    // Write code here that turns the phrase above into concrete actions
    throw new io.cucumber.java.PendingException();
}
@When("the user enters the valid username {string}")
public void the_user_enters_the_valid_username(String string) {
    // Write code here that turns the phrase above into concrete actions
    throw new io.cucumber.java.PendingException();
}
@When("the user enters the valid password {string}")
public void the_user_enters_the_valid_password(String string) {
    // Write code here that turns the phrase above into concrete actions
    throw new io.cucumber.java.PendingException();
}
@When("the user clicks the login button")
public void the_user_clicks_the_login_button() {
    // Write code here that turns the phrase above into concrete actions
    throw new io.cucumber.java.PendingException();
}
@Then("the user should be able to see the dashboard of OrangeHRM")
public void the_user_should_be_able_to_see_the_dashboard_of_orange_hrm() {
    // Write code here that turns the phrase above into concrete actions
    throw new io.cucumber.java.PendingException();
}
@When("the user views the quick launch section")
public void the_user_views_the_quick_launch_section() {
    // Write code here that turns the phrase above into concrete actions
    throw new io.cucumber.java.PendingException();
}
@Then("the user should see the option {string}")
public void the_user_should_see_the_option(String string) {
    // Write code here that turns the phrase above into concrete actions
    throw new io.cucumber.java.PendingException();
}

at io.cucumber.core.runtime.TestCaseResultObserver.assertTestCasePassed(TestCaseResultObserver.java:69)
at io.cucumber.testng.TestCaseResultObserver.assertTestCasePassed(TestCaseResultObserver.java:23)
at io.cucumber.testng.TestNGCucumberRunner.lambda$runScenario$1(TestNGCucumberRunner.java:136)
at io.cucumber.core.runtime.CucumberExecutionContext.lambda$runTestCase$5(CucumberExecutionContext.java:136)
at io.cucumber.core.runtime.RethrowingThrowableCollector.executeAndThrow(RethrowingThrowableCollector.java:23)
at io.cucumber.core.runtime.CucumberExecutionContext.runTestCase(CucumberExecutionContext.java:136)
at io.cucumber.testng.TestNGCucumberRunner.runScenario(TestNGCucumberRunner.java:132)
at io.cucumber.testng.AbstractTestNGCucumberTests.runScenario(AbstractTestNGCucumberTests.java:35)
at java.base/java.util.ArrayList.forEach(ArrayList.java:1596)
... Removed 25 stack frames]]>
    </failure>
  </testcase> <!-- runScenario -->
  <testcase classname="io.cucumber.testng.AbstractTestNGCucumberTests" name="runScenario" time="0.017">
    <failure type="io.cucumber.testng.UndefinedStepException" message="The step &amp;apos;the user is on the OrangeHRM login page&amp;apos; and 6 other step(s) are undefined.
You can implement these steps using the snippet(s) below:

@Given(&amp;quot;the user is on the OrangeHRM login page&amp;quot;)
public void the_user_is_on_the_orange_hrm_login_page() {
    // Write code here that turns the phrase above into concrete actions
    throw new io.cucumber.java.PendingException();
}
@When(&amp;quot;the user enters the valid username {string}&amp;quot;)
public void the_user_enters_the_valid_username(String string) {
    // Write code here that turns the phrase above into concrete actions
    throw new io.cucumber.java.PendingException();
}
@When(&amp;quot;the user enters the valid password {string}&amp;quot;)
public void the_user_enters_the_valid_password(String string) {
    // Write code here that turns the phrase above into concrete actions
    throw new io.cucumber.java.PendingException();
}
@When(&amp;quot;the user clicks the login button&amp;quot;)
public void the_user_clicks_the_login_button() {
    // Write code here that turns the phrase above into concrete actions
    throw new io.cucumber.java.PendingException();
}
@Then(&amp;quot;the user should be able to see the dashboard of OrangeHRM&amp;quot;)
public void the_user_should_be_able_to_see_the_dashboard_of_orange_hrm() {
    // Write code here that turns the phrase above into concrete actions
    throw new io.cucumber.java.PendingException();
}
@When(&amp;quot;the user views the quick launch section&amp;quot;)
public void the_user_views_the_quick_launch_section() {
    // Write code here that turns the phrase above into concrete actions
    throw new io.cucumber.java.PendingException();
}
@Then(&amp;quot;the user should see the option {string}&amp;quot;)
public void the_user_should_see_the_option(String string) {
    // Write code here that turns the phrase above into concrete actions
    throw new io.cucumber.java.PendingException();
}
">
      <![CDATA[io.cucumber.testng.UndefinedStepException: The step 'the user is on the OrangeHRM login page' and 6 other step(s) are undefined.
You can implement these steps using the snippet(s) below:

@Given("the user is on the OrangeHRM login page")
public void the_user_is_on_the_orange_hrm_login_page() {
    // Write code here that turns the phrase above into concrete actions
    throw new io.cucumber.java.PendingException();
}
@When("the user enters the valid username {string}")
public void the_user_enters_the_valid_username(String string) {
    // Write code here that turns the phrase above into concrete actions
    throw new io.cucumber.java.PendingException();
}
@When("the user enters the valid password {string}")
public void the_user_enters_the_valid_password(String string) {
    // Write code here that turns the phrase above into concrete actions
    throw new io.cucumber.java.PendingException();
}
@When("the user clicks the login button")
public void the_user_clicks_the_login_button() {
    // Write code here that turns the phrase above into concrete actions
    throw new io.cucumber.java.PendingException();
}
@Then("the user should be able to see the dashboard of OrangeHRM")
public void the_user_should_be_able_to_see_the_dashboard_of_orange_hrm() {
    // Write code here that turns the phrase above into concrete actions
    throw new io.cucumber.java.PendingException();
}
@When("the user views the quick launch section")
public void the_user_views_the_quick_launch_section() {
    // Write code here that turns the phrase above into concrete actions
    throw new io.cucumber.java.PendingException();
}
@Then("the user should see the option {string}")
public void the_user_should_see_the_option(String string) {
    // Write code here that turns the phrase above into concrete actions
    throw new io.cucumber.java.PendingException();
}

at io.cucumber.core.runtime.TestCaseResultObserver.assertTestCasePassed(TestCaseResultObserver.java:69)
at io.cucumber.testng.TestCaseResultObserver.assertTestCasePassed(TestCaseResultObserver.java:23)
at io.cucumber.testng.TestNGCucumberRunner.lambda$runScenario$1(TestNGCucumberRunner.java:136)
at io.cucumber.core.runtime.CucumberExecutionContext.lambda$runTestCase$5(CucumberExecutionContext.java:136)
at io.cucumber.core.runtime.RethrowingThrowableCollector.executeAndThrow(RethrowingThrowableCollector.java:23)
at io.cucumber.core.runtime.CucumberExecutionContext.runTestCase(CucumberExecutionContext.java:136)
at io.cucumber.testng.TestNGCucumberRunner.runScenario(TestNGCucumberRunner.java:132)
at io.cucumber.testng.AbstractTestNGCucumberTests.runScenario(AbstractTestNGCucumberTests.java:35)
at java.base/java.util.ArrayList.forEach(ArrayList.java:1596)
... Removed 25 stack frames]]>
    </failure>
  </testcase> <!-- runScenario -->
  <testcase classname="io.cucumber.testng.AbstractTestNGCucumberTests" name="runScenario" time="0.014">
    <failure type="io.cucumber.testng.UndefinedStepException" message="The step &amp;apos;the user is on the OrangeHRM login page&amp;apos; and 6 other step(s) are undefined.
You can implement these steps using the snippet(s) below:

@Given(&amp;quot;the user is on the OrangeHRM login page&amp;quot;)
public void the_user_is_on_the_orange_hrm_login_page() {
    // Write code here that turns the phrase above into concrete actions
    throw new io.cucumber.java.PendingException();
}
@When(&amp;quot;the user enters the valid username {string}&amp;quot;)
public void the_user_enters_the_valid_username(String string) {
    // Write code here that turns the phrase above into concrete actions
    throw new io.cucumber.java.PendingException();
}
@When(&amp;quot;the user enters the valid password {string}&amp;quot;)
public void the_user_enters_the_valid_password(String string) {
    // Write code here that turns the phrase above into concrete actions
    throw new io.cucumber.java.PendingException();
}
@When(&amp;quot;the user clicks the login button&amp;quot;)
public void the_user_clicks_the_login_button() {
    // Write code here that turns the phrase above into concrete actions
    throw new io.cucumber.java.PendingException();
}
@Then(&amp;quot;the user should be able to see the dashboard of OrangeHRM&amp;quot;)
public void the_user_should_be_able_to_see_the_dashboard_of_orange_hrm() {
    // Write code here that turns the phrase above into concrete actions
    throw new io.cucumber.java.PendingException();
}
@When(&amp;quot;the user views the quick launch section&amp;quot;)
public void the_user_views_the_quick_launch_section() {
    // Write code here that turns the phrase above into concrete actions
    throw new io.cucumber.java.PendingException();
}
@Then(&amp;quot;the user should see the option {string}&amp;quot;)
public void the_user_should_see_the_option(String string) {
    // Write code here that turns the phrase above into concrete actions
    throw new io.cucumber.java.PendingException();
}
">
      <![CDATA[io.cucumber.testng.UndefinedStepException: The step 'the user is on the OrangeHRM login page' and 6 other step(s) are undefined.
You can implement these steps using the snippet(s) below:

@Given("the user is on the OrangeHRM login page")
public void the_user_is_on_the_orange_hrm_login_page() {
    // Write code here that turns the phrase above into concrete actions
    throw new io.cucumber.java.PendingException();
}
@When("the user enters the valid username {string}")
public void the_user_enters_the_valid_username(String string) {
    // Write code here that turns the phrase above into concrete actions
    throw new io.cucumber.java.PendingException();
}
@When("the user enters the valid password {string}")
public void the_user_enters_the_valid_password(String string) {
    // Write code here that turns the phrase above into concrete actions
    throw new io.cucumber.java.PendingException();
}
@When("the user clicks the login button")
public void the_user_clicks_the_login_button() {
    // Write code here that turns the phrase above into concrete actions
    throw new io.cucumber.java.PendingException();
}
@Then("the user should be able to see the dashboard of OrangeHRM")
public void the_user_should_be_able_to_see_the_dashboard_of_orange_hrm() {
    // Write code here that turns the phrase above into concrete actions
    throw new io.cucumber.java.PendingException();
}
@When("the user views the quick launch section")
public void the_user_views_the_quick_launch_section() {
    // Write code here that turns the phrase above into concrete actions
    throw new io.cucumber.java.PendingException();
}
@Then("the user should see the option {string}")
public void the_user_should_see_the_option(String string) {
    // Write code here that turns the phrase above into concrete actions
    throw new io.cucumber.java.PendingException();
}

at io.cucumber.core.runtime.TestCaseResultObserver.assertTestCasePassed(TestCaseResultObserver.java:69)
at io.cucumber.testng.TestCaseResultObserver.assertTestCasePassed(TestCaseResultObserver.java:23)
at io.cucumber.testng.TestNGCucumberRunner.lambda$runScenario$1(TestNGCucumberRunner.java:136)
at io.cucumber.core.runtime.CucumberExecutionContext.lambda$runTestCase$5(CucumberExecutionContext.java:136)
at io.cucumber.core.runtime.RethrowingThrowableCollector.executeAndThrow(RethrowingThrowableCollector.java:23)
at io.cucumber.core.runtime.CucumberExecutionContext.runTestCase(CucumberExecutionContext.java:136)
at io.cucumber.testng.TestNGCucumberRunner.runScenario(TestNGCucumberRunner.java:132)
at io.cucumber.testng.AbstractTestNGCucumberTests.runScenario(AbstractTestNGCucumberTests.java:35)
at java.base/java.util.ArrayList.forEach(ArrayList.java:1596)
... Removed 25 stack frames]]>
    </failure>
  </testcase> <!-- runScenario -->
  <testcase classname="io.cucumber.testng.AbstractTestNGCucumberTests" name="runScenario" time="0.013">
    <failure type="io.cucumber.testng.UndefinedStepException" message="The step &amp;apos;the user is on the OrangeHRM login page&amp;apos; and 6 other step(s) are undefined.
You can implement these steps using the snippet(s) below:

@Given(&amp;quot;the user is on the OrangeHRM login page&amp;quot;)
public void the_user_is_on_the_orange_hrm_login_page() {
    // Write code here that turns the phrase above into concrete actions
    throw new io.cucumber.java.PendingException();
}
@When(&amp;quot;the user enters the valid username {string}&amp;quot;)
public void the_user_enters_the_valid_username(String string) {
    // Write code here that turns the phrase above into concrete actions
    throw new io.cucumber.java.PendingException();
}
@When(&amp;quot;the user enters the valid password {string}&amp;quot;)
public void the_user_enters_the_valid_password(String string) {
    // Write code here that turns the phrase above into concrete actions
    throw new io.cucumber.java.PendingException();
}
@When(&amp;quot;the user clicks the login button&amp;quot;)
public void the_user_clicks_the_login_button() {
    // Write code here that turns the phrase above into concrete actions
    throw new io.cucumber.java.PendingException();
}
@Then(&amp;quot;the user should be able to see the dashboard of OrangeHRM&amp;quot;)
public void the_user_should_be_able_to_see_the_dashboard_of_orange_hrm() {
    // Write code here that turns the phrase above into concrete actions
    throw new io.cucumber.java.PendingException();
}
@When(&amp;quot;the user views the quick launch section&amp;quot;)
public void the_user_views_the_quick_launch_section() {
    // Write code here that turns the phrase above into concrete actions
    throw new io.cucumber.java.PendingException();
}
@Then(&amp;quot;the user should see the option {string}&amp;quot;)
public void the_user_should_see_the_option(String string) {
    // Write code here that turns the phrase above into concrete actions
    throw new io.cucumber.java.PendingException();
}
">
      <![CDATA[io.cucumber.testng.UndefinedStepException: The step 'the user is on the OrangeHRM login page' and 6 other step(s) are undefined.
You can implement these steps using the snippet(s) below:

@Given("the user is on the OrangeHRM login page")
public void the_user_is_on_the_orange_hrm_login_page() {
    // Write code here that turns the phrase above into concrete actions
    throw new io.cucumber.java.PendingException();
}
@When("the user enters the valid username {string}")
public void the_user_enters_the_valid_username(String string) {
    // Write code here that turns the phrase above into concrete actions
    throw new io.cucumber.java.PendingException();
}
@When("the user enters the valid password {string}")
public void the_user_enters_the_valid_password(String string) {
    // Write code here that turns the phrase above into concrete actions
    throw new io.cucumber.java.PendingException();
}
@When("the user clicks the login button")
public void the_user_clicks_the_login_button() {
    // Write code here that turns the phrase above into concrete actions
    throw new io.cucumber.java.PendingException();
}
@Then("the user should be able to see the dashboard of OrangeHRM")
public void the_user_should_be_able_to_see_the_dashboard_of_orange_hrm() {
    // Write code here that turns the phrase above into concrete actions
    throw new io.cucumber.java.PendingException();
}
@When("the user views the quick launch section")
public void the_user_views_the_quick_launch_section() {
    // Write code here that turns the phrase above into concrete actions
    throw new io.cucumber.java.PendingException();
}
@Then("the user should see the option {string}")
public void the_user_should_see_the_option(String string) {
    // Write code here that turns the phrase above into concrete actions
    throw new io.cucumber.java.PendingException();
}

at io.cucumber.core.runtime.TestCaseResultObserver.assertTestCasePassed(TestCaseResultObserver.java:69)
at io.cucumber.testng.TestCaseResultObserver.assertTestCasePassed(TestCaseResultObserver.java:23)
at io.cucumber.testng.TestNGCucumberRunner.lambda$runScenario$1(TestNGCucumberRunner.java:136)
at io.cucumber.core.runtime.CucumberExecutionContext.lambda$runTestCase$5(CucumberExecutionContext.java:136)
at io.cucumber.core.runtime.RethrowingThrowableCollector.executeAndThrow(RethrowingThrowableCollector.java:23)
at io.cucumber.core.runtime.CucumberExecutionContext.runTestCase(CucumberExecutionContext.java:136)
at io.cucumber.testng.TestNGCucumberRunner.runScenario(TestNGCucumberRunner.java:132)
at io.cucumber.testng.AbstractTestNGCucumberTests.runScenario(AbstractTestNGCucumberTests.java:35)
at java.base/java.util.ArrayList.forEach(ArrayList.java:1596)
... Removed 25 stack frames]]>
    </failure>
  </testcase> <!-- runScenario -->
  <testcase classname="io.cucumber.testng.AbstractTestNGCucumberTests" name="runScenario" time="0.014">
    <failure type="io.cucumber.testng.UndefinedStepException" message="The step &amp;apos;the user is on the OrangeHRM login page&amp;apos; and 6 other step(s) are undefined.
You can implement these steps using the snippet(s) below:

@Given(&amp;quot;the user is on the OrangeHRM login page&amp;quot;)
public void the_user_is_on_the_orange_hrm_login_page() {
    // Write code here that turns the phrase above into concrete actions
    throw new io.cucumber.java.PendingException();
}
@When(&amp;quot;the user enters the valid username {string}&amp;quot;)
public void the_user_enters_the_valid_username(String string) {
    // Write code here that turns the phrase above into concrete actions
    throw new io.cucumber.java.PendingException();
}
@When(&amp;quot;the user enters the valid password {string}&amp;quot;)
public void the_user_enters_the_valid_password(String string) {
    // Write code here that turns the phrase above into concrete actions
    throw new io.cucumber.java.PendingException();
}
@When(&amp;quot;the user clicks the login button&amp;quot;)
public void the_user_clicks_the_login_button() {
    // Write code here that turns the phrase above into concrete actions
    throw new io.cucumber.java.PendingException();
}
@Then(&amp;quot;the user should be able to see the dashboard of OrangeHRM&amp;quot;)
public void the_user_should_be_able_to_see_the_dashboard_of_orange_hrm() {
    // Write code here that turns the phrase above into concrete actions
    throw new io.cucumber.java.PendingException();
}
@When(&amp;quot;the user views the quick launch section&amp;quot;)
public void the_user_views_the_quick_launch_section() {
    // Write code here that turns the phrase above into concrete actions
    throw new io.cucumber.java.PendingException();
}
@Then(&amp;quot;the user should see the option {string}&amp;quot;)
public void the_user_should_see_the_option(String string) {
    // Write code here that turns the phrase above into concrete actions
    throw new io.cucumber.java.PendingException();
}
">
      <![CDATA[io.cucumber.testng.UndefinedStepException: The step 'the user is on the OrangeHRM login page' and 6 other step(s) are undefined.
You can implement these steps using the snippet(s) below:

@Given("the user is on the OrangeHRM login page")
public void the_user_is_on_the_orange_hrm_login_page() {
    // Write code here that turns the phrase above into concrete actions
    throw new io.cucumber.java.PendingException();
}
@When("the user enters the valid username {string}")
public void the_user_enters_the_valid_username(String string) {
    // Write code here that turns the phrase above into concrete actions
    throw new io.cucumber.java.PendingException();
}
@When("the user enters the valid password {string}")
public void the_user_enters_the_valid_password(String string) {
    // Write code here that turns the phrase above into concrete actions
    throw new io.cucumber.java.PendingException();
}
@When("the user clicks the login button")
public void the_user_clicks_the_login_button() {
    // Write code here that turns the phrase above into concrete actions
    throw new io.cucumber.java.PendingException();
}
@Then("the user should be able to see the dashboard of OrangeHRM")
public void the_user_should_be_able_to_see_the_dashboard_of_orange_hrm() {
    // Write code here that turns the phrase above into concrete actions
    throw new io.cucumber.java.PendingException();
}
@When("the user views the quick launch section")
public void the_user_views_the_quick_launch_section() {
    // Write code here that turns the phrase above into concrete actions
    throw new io.cucumber.java.PendingException();
}
@Then("the user should see the option {string}")
public void the_user_should_see_the_option(String string) {
    // Write code here that turns the phrase above into concrete actions
    throw new io.cucumber.java.PendingException();
}

at io.cucumber.core.runtime.TestCaseResultObserver.assertTestCasePassed(TestCaseResultObserver.java:69)
at io.cucumber.testng.TestCaseResultObserver.assertTestCasePassed(TestCaseResultObserver.java:23)
at io.cucumber.testng.TestNGCucumberRunner.lambda$runScenario$1(TestNGCucumberRunner.java:136)
at io.cucumber.core.runtime.CucumberExecutionContext.lambda$runTestCase$5(CucumberExecutionContext.java:136)
at io.cucumber.core.runtime.RethrowingThrowableCollector.executeAndThrow(RethrowingThrowableCollector.java:23)
at io.cucumber.core.runtime.CucumberExecutionContext.runTestCase(CucumberExecutionContext.java:136)
at io.cucumber.testng.TestNGCucumberRunner.runScenario(TestNGCucumberRunner.java:132)
at io.cucumber.testng.AbstractTestNGCucumberTests.runScenario(AbstractTestNGCucumberTests.java:35)
at java.base/java.util.ArrayList.forEach(ArrayList.java:1596)
... Removed 25 stack frames]]>
    </failure>
  </testcase> <!-- runScenario -->
  <testcase classname="io.cucumber.testng.AbstractTestNGCucumberTests" name="runScenario" time="0.011">
    <failure type="io.cucumber.testng.UndefinedStepException" message="The step &amp;apos;the user is on the OrangeHRM login page&amp;apos; and 6 other step(s) are undefined.
You can implement these steps using the snippet(s) below:

@Given(&amp;quot;the user is on the OrangeHRM login page&amp;quot;)
public void the_user_is_on_the_orange_hrm_login_page() {
    // Write code here that turns the phrase above into concrete actions
    throw new io.cucumber.java.PendingException();
}
@When(&amp;quot;the user enters the valid username {string}&amp;quot;)
public void the_user_enters_the_valid_username(String string) {
    // Write code here that turns the phrase above into concrete actions
    throw new io.cucumber.java.PendingException();
}
@When(&amp;quot;the user enters the valid password {string}&amp;quot;)
public void the_user_enters_the_valid_password(String string) {
    // Write code here that turns the phrase above into concrete actions
    throw new io.cucumber.java.PendingException();
}
@When(&amp;quot;the user clicks the login button&amp;quot;)
public void the_user_clicks_the_login_button() {
    // Write code here that turns the phrase above into concrete actions
    throw new io.cucumber.java.PendingException();
}
@Then(&amp;quot;the user should be able to see the dashboard of OrangeHRM&amp;quot;)
public void the_user_should_be_able_to_see_the_dashboard_of_orange_hrm() {
    // Write code here that turns the phrase above into concrete actions
    throw new io.cucumber.java.PendingException();
}
@When(&amp;quot;the user views the quick launch section&amp;quot;)
public void the_user_views_the_quick_launch_section() {
    // Write code here that turns the phrase above into concrete actions
    throw new io.cucumber.java.PendingException();
}
@Then(&amp;quot;the user should see the option {string}&amp;quot;)
public void the_user_should_see_the_option(String string) {
    // Write code here that turns the phrase above into concrete actions
    throw new io.cucumber.java.PendingException();
}
">
      <![CDATA[io.cucumber.testng.UndefinedStepException: The step 'the user is on the OrangeHRM login page' and 6 other step(s) are undefined.
You can implement these steps using the snippet(s) below:

@Given("the user is on the OrangeHRM login page")
public void the_user_is_on_the_orange_hrm_login_page() {
    // Write code here that turns the phrase above into concrete actions
    throw new io.cucumber.java.PendingException();
}
@When("the user enters the valid username {string}")
public void the_user_enters_the_valid_username(String string) {
    // Write code here that turns the phrase above into concrete actions
    throw new io.cucumber.java.PendingException();
}
@When("the user enters the valid password {string}")
public void the_user_enters_the_valid_password(String string) {
    // Write code here that turns the phrase above into concrete actions
    throw new io.cucumber.java.PendingException();
}
@When("the user clicks the login button")
public void the_user_clicks_the_login_button() {
    // Write code here that turns the phrase above into concrete actions
    throw new io.cucumber.java.PendingException();
}
@Then("the user should be able to see the dashboard of OrangeHRM")
public void the_user_should_be_able_to_see_the_dashboard_of_orange_hrm() {
    // Write code here that turns the phrase above into concrete actions
    throw new io.cucumber.java.PendingException();
}
@When("the user views the quick launch section")
public void the_user_views_the_quick_launch_section() {
    // Write code here that turns the phrase above into concrete actions
    throw new io.cucumber.java.PendingException();
}
@Then("the user should see the option {string}")
public void the_user_should_see_the_option(String string) {
    // Write code here that turns the phrase above into concrete actions
    throw new io.cucumber.java.PendingException();
}

at io.cucumber.core.runtime.TestCaseResultObserver.assertTestCasePassed(TestCaseResultObserver.java:69)
at io.cucumber.testng.TestCaseResultObserver.assertTestCasePassed(TestCaseResultObserver.java:23)
at io.cucumber.testng.TestNGCucumberRunner.lambda$runScenario$1(TestNGCucumberRunner.java:136)
at io.cucumber.core.runtime.CucumberExecutionContext.lambda$runTestCase$5(CucumberExecutionContext.java:136)
at io.cucumber.core.runtime.RethrowingThrowableCollector.executeAndThrow(RethrowingThrowableCollector.java:23)
at io.cucumber.core.runtime.CucumberExecutionContext.runTestCase(CucumberExecutionContext.java:136)
at io.cucumber.testng.TestNGCucumberRunner.runScenario(TestNGCucumberRunner.java:132)
at io.cucumber.testng.AbstractTestNGCucumberTests.runScenario(AbstractTestNGCucumberTests.java:35)
at java.base/java.util.ArrayList.forEach(ArrayList.java:1596)
... Removed 25 stack frames]]>
    </failure>
  </testcase> <!-- runScenario -->
</testsuite> <!-- Test -->
